#
# There is insufficient memory for the Java Runtime Environment to continue.
# Native memory allocation (mmap) failed to map 264241152 bytes. Error detail: G1 virtual space
# Possible reasons:
#   The system is out of physical RAM or swap space
#   This process is running with CompressedOops enabled, and the Java Heap may be blocking the growth of the native heap
# Possible solutions:
#   Reduce memory load on the system
#   Increase physical memory or swap space
#   Check if swap backing store is full
#   Decrease Java heap size (-Xmx/-Xms)
#   Decrease number of Java threads
#   Decrease Java thread stack sizes (-Xss)
#   Set larger code cache with -XX:ReservedCodeCacheSize=
#   JVM is running with Zero Based Compressed Oops mode in which the Java heap is
#     placed in the first 32GB address space. The Java Heap base address is the
#     maximum limit for the native heap growth. Please use -XX:HeapBaseMinAddress
#     to set the Java Heap base and to place the Java Heap above 32GB virtual address.
# This output file may be truncated or incomplete.
#
#  Out of Memory Error (os_windows.cpp:3616), pid=49508, tid=49808
#
# JRE version:  (21.0.5+11) (build )
# Java VM: OpenJDK 64-Bit Server VM (21.0.5+11-LTS, mixed mode, sharing, tiered, compressed oops, compressed class ptrs, g1 gc, windows-amd64)
# No core dump will be written. Minidumps are not enabled by default on client versions of Windows
#

---------------  S U M M A R Y ------------

Command Line: -XX:+ShowCodeDetailsInExceptionMessages View.Main

Host: 12th Gen Intel(R) Core(TM) i7-1255U, 12 cores, 15G,  Windows 11 , 64 bit Build 22621 (10.0.22621.4974)
Time: Wed Apr  9 23:19:07 2025 South Africa Standard Time elapsed time: 0.018704 seconds (0d 0h 0m 0s)

---------------  T H R E A D  ---------------

Current thread (0x00000270f3959580):  JavaThread "Unknown thread" [_thread_in_vm, id=49808, stack(0x000000b511000000,0x000000b511100000) (1024K)]

Stack: [0x000000b511000000,0x000000b511100000]
Native frames: (J=compiled Java code, j=interpreted, Vv=VM code, C=native code)
V  [jvm.dll+0x6cd4e9]
V  [jvm.dll+0x8a7941]
V  [jvm.dll+0x8a9e6e]
V  [jvm.dll+0x8aa543]
V  [jvm.dll+0x27f6d6]
V  [jvm.dll+0x6c9c25]
V  [jvm.dll+0x6be84a]
V  [jvm.dll+0x355c6a]
V  [jvm.dll+0x35d836]
V  [jvm.dll+0x3af40e]
V  [jvm.dll+0x3af6b8]
V  [jvm.dll+0x329dfc]
V  [jvm.dll+0x32a95b]
V  [jvm.dll+0x870ba9]
V  [jvm.dll+0x3bc1e1]
V  [jvm.dll+0x859cd3]
V  [jvm.dll+0x4504ee]
V  [jvm.dll+0x452131]
C  [jli.dll+0x5278]
C  [ucrtbase.dll+0x29333]
C  [KERNEL32.DLL+0x1259d]
C  [ntdll.dll+0x5af38]


---------------  P R O C E S S  ---------------

Threads class SMR info:
_java_thread_list=0x00007ff8384890c8, length=0, elements={
}

Java Threads: ( => current thread )
Total: 0

Other Threads:
  0x00000270f39bfdd0 WorkerThread "GC Thread#0"                     [id=12124, stack(0x000000b511100000,0x000000b511200000) (1024K)]
  0x00000270f39d0800 ConcurrentGCThread "G1 Main Marker"            [id=21696, stack(0x000000b511200000,0x000000b511300000) (1024K)]
  0x00000270f39d1300 WorkerThread "G1 Conc#0"                       [id=17388, stack(0x000000b511300000,0x000000b511400000) (1024K)]

[error occurred during error reporting (printing all threads), id 0xc0000005, EXCEPTION_ACCESS_VIOLATION (0xc0000005) at pc=0x00007ff837b8c727]
VM state: not at safepoint (not fully initialized)

VM Mutex/Monitor currently owned by a thread:  ([mutex/lock_event])
[0x00007ff8384fd480] Heap_lock - owner thread: 0x00000270f3959580

Heap address: 0x0000000705a00000, size: 4006 MB, Compressed Oops mode: Zero based, Oop shift amount: 3

CDS archive(s) mapped at: [0x0000000000000000-0x0000000000000000-0x0000000000000000), size 0, SharedBaseAddress: 0x0000000800000000, ArchiveRelocationMode: 1.
Narrow klass base: 0x0000000000000000, Narrow klass shift: 0, Narrow klass range: 0x0

GC Precious Log:
 CardTable entry size: 512
 Card Set container configuration: InlinePtr #cards 4 size 8 Array Of Cards #cards 16 size 48 Howl #buckets 8 coarsen threshold 3686 Howl Bitmap #cards 512 size 80 coarsen threshold 460 Card regions per heap region 1 cards per card region 4096

Heap:
 garbage-first heap   total 0K, used 0K [0x0000000705a00000, 0x0000000800000000)
  region size 2048K, 0 young (0K), 0 survivors (0K)

[error occurred during error reporting (printing heap information), id 0xc0000005, EXCEPTION_ACCESS_VIOLATION (0xc0000005) at pc=0x00007ff837f76f49]
GC Heap History (0 events):
No events

Dll operation events (1 events):
Event: 0.012 Loaded shared library C:\Program Files\Eclipse Adoptium\jdk-21.0.5.11-hotspot\bin\java.dll

Deoptimization events (0 events):
No events

Classes loaded (0 events):
No events

Classes unloaded (0 events):
No events

Classes redefined (0 events):
No events

Internal exceptions (0 events):
No events

ZGC Phase Switch (0 events):
No events

VM Operations (0 events):
No events

Memory protections (0 events):
No events

Nmethod flushes (0 events):
No events

Events (0 events):
No events


Dynamic libraries:
0x00007ff7cc920000 - 0x00007ff7cc92e000 	C:\Program Files\Eclipse Adoptium\jdk-21.0.5.11-hotspot\bin\java.exe
0x00007ff8fc390000 - 0x00007ff8fc5a7000 	C:\WINDOWS\SYSTEM32\ntdll.dll
0x00007ff8fb450000 - 0x00007ff8fb514000 	C:\WINDOWS\System32\KERNEL32.DLL
0x00007ff8f9910000 - 0x00007ff8f9ce1000 	C:\WINDOWS\System32\KERNELBASE.dll
0x00007ff8f9d70000 - 0x00007ff8f9e81000 	C:\WINDOWS\System32\ucrtbase.dll
0x00007ff8e0870000 - 0x00007ff8e0888000 	C:\Program Files\Eclipse Adoptium\jdk-21.0.5.11-hotspot\bin\jli.dll
0x00007ff8d9b50000 - 0x00007ff8d9b6e000 	C:\Program Files\Eclipse Adoptium\jdk-21.0.5.11-hotspot\bin\VCRUNTIME140.dll
0x00007ff8fb530000 - 0x00007ff8fb6e1000 	C:\WINDOWS\System32\USER32.dll
0x00007ff8f96b0000 - 0x00007ff8f96d6000 	C:\WINDOWS\System32\win32u.dll
0x00007ff8fa740000 - 0x00007ff8fa769000 	C:\WINDOWS\System32\GDI32.dll
0x00007ff8f9ec0000 - 0x00007ff8f9fdb000 	C:\WINDOWS\System32\gdi32full.dll
0x00007ff8ef3e0000 - 0x00007ff8ef672000 	C:\WINDOWS\WinSxS\amd64_microsoft.windows.common-controls_6595b64144ccf1df_6.0.22621.4830_none_270fe7d773858e80\COMCTL32.dll
0x00007ff8fb000000 - 0x00007ff8fb0a7000 	C:\WINDOWS\System32\msvcrt.dll
0x00007ff8f9610000 - 0x00007ff8f96aa000 	C:\WINDOWS\System32\msvcp_win.dll
0x00007ff8fc310000 - 0x00007ff8fc341000 	C:\WINDOWS\System32\IMM32.DLL
0x00007ff8e0d80000 - 0x00007ff8e0d8c000 	C:\Program Files\Eclipse Adoptium\jdk-21.0.5.11-hotspot\bin\vcruntime140_1.dll
0x00007ff8c8320000 - 0x00007ff8c83ad000 	C:\Program Files\Eclipse Adoptium\jdk-21.0.5.11-hotspot\bin\msvcp140.dll
0x00007ff837850000 - 0x00007ff8385df000 	C:\Program Files\Eclipse Adoptium\jdk-21.0.5.11-hotspot\bin\server\jvm.dll
0x00007ff8fb190000 - 0x00007ff8fb241000 	C:\WINDOWS\System32\ADVAPI32.dll
0x00007ff8fb0e0000 - 0x00007ff8fb187000 	C:\WINDOWS\System32\sechost.dll
0x00007ff8f9e90000 - 0x00007ff8f9eb8000 	C:\WINDOWS\System32\bcrypt.dll
0x00007ff8fb330000 - 0x00007ff8fb444000 	C:\WINDOWS\System32\RPCRT4.dll
0x00007ff8fb9e0000 - 0x00007ff8fba51000 	C:\WINDOWS\System32\WS2_32.dll
0x00007ff8f8e00000 - 0x00007ff8f8e4d000 	C:\WINDOWS\SYSTEM32\POWRPROF.dll
0x00007ff8f5f60000 - 0x00007ff8f5f94000 	C:\WINDOWS\SYSTEM32\WINMM.dll
0x00007ff8ef760000 - 0x00007ff8ef76a000 	C:\WINDOWS\SYSTEM32\VERSION.dll
0x00007ff8f8de0000 - 0x00007ff8f8df3000 	C:\WINDOWS\SYSTEM32\UMPDC.dll
0x00007ff8f84e0000 - 0x00007ff8f84f8000 	C:\WINDOWS\SYSTEM32\kernel.appcore.dll
0x00007ff8d9b40000 - 0x00007ff8d9b4a000 	C:\Program Files\Eclipse Adoptium\jdk-21.0.5.11-hotspot\bin\jimage.dll
0x00007ff8f6da0000 - 0x00007ff8f6fd2000 	C:\WINDOWS\SYSTEM32\DBGHELP.DLL
0x00007ff8fa060000 - 0x00007ff8fa3f0000 	C:\WINDOWS\System32\combase.dll
0x00007ff8fb250000 - 0x00007ff8fb327000 	C:\WINDOWS\System32\OLEAUT32.dll
0x00007ff8ec150000 - 0x00007ff8ec182000 	C:\WINDOWS\SYSTEM32\dbgcore.DLL
0x00007ff8f9cf0000 - 0x00007ff8f9d6b000 	C:\WINDOWS\System32\bcryptPrimitives.dll
0x00007ff8d97d0000 - 0x00007ff8d97ef000 	C:\Program Files\Eclipse Adoptium\jdk-21.0.5.11-hotspot\bin\java.dll

dbghelp: loaded successfully - version: 4.0.5 - missing functions: none
symbol engine: initialized successfully - sym options: 0x614 - pdb path: .;C:\Program Files\Eclipse Adoptium\jdk-21.0.5.11-hotspot\bin;C:\WINDOWS\SYSTEM32;C:\WINDOWS\WinSxS\amd64_microsoft.windows.common-controls_6595b64144ccf1df_6.0.22621.4830_none_270fe7d773858e80;C:\Program Files\Eclipse Adoptium\jdk-21.0.5.11-hotspot\bin\server

VM Arguments:
jvm_args: -XX:+ShowCodeDetailsInExceptionMessages 
java_command: View.Main
java_class_path (initial): C:\Users\Aime\Desktop\MidProject\bin;c:\Users\Aime\Desktop\MidProject\lib\postgresql-42.7.5.jar
Launcher Type: SUN_STANDARD

[Global flags]
     intx CICompilerCount                          = 4                                         {product} {ergonomic}
     uint ConcGCThreads                            = 3                                         {product} {ergonomic}
     uint G1ConcRefinementThreads                  = 10                                        {product} {ergonomic}
   size_t G1HeapRegionSize                         = 2097152                                   {product} {ergonomic}
    uintx GCDrainStackTargetSize                   = 64                                        {product} {ergonomic}
   size_t InitialHeapSize                          = 264241152                                 {product} {ergonomic}
   size_t MarkStackSize                            = 4194304                                   {product} {ergonomic}
   size_t MaxHeapSize                              = 4200595456                                {product} {ergonomic}
   size_t MinHeapDeltaBytes                        = 2097152                                   {product} {ergonomic}
   size_t MinHeapSize                              = 8388608                                   {product} {ergonomic}
    uintx NonNMethodCodeHeapSize                   = 5839372                                {pd product} {ergonomic}
    uintx NonProfiledCodeHeapSize                  = 122909434                              {pd product} {ergonomic}
    uintx ProfiledCodeHeapSize                     = 122909434                              {pd product} {ergonomic}
    uintx ReservedCodeCacheSize                    = 251658240                              {pd product} {ergonomic}
     bool SegmentedCodeCache                       = true                                      {product} {ergonomic}
     bool ShowCodeDetailsInExceptionMessages       = true                                   {manageable} {command line}
   size_t SoftMaxHeapSize                          = 4200595456                             {manageable} {ergonomic}
     bool UseCompressedOops                        = true                           {product lp64_product} {ergonomic}
     bool UseG1GC                                  = true                                      {product} {ergonomic}
     bool UseLargePagesIndividualAllocation        = false                                  {pd product} {ergonomic}

Logging:
Log output configuration:
 #0: stdout all=warning uptime,level,tags foldmultilines=false
 #1: stderr all=off uptime,level,tags foldmultilines=false

Environment Variables:
JAVA_HOME=C:\Program Files\Eclipse Adoptium\jdk-21.0.5.11-hotspot
PATH=C:\Users\Aime\anaconda3;C:\Users\Aime\anaconda3\Library\mingw-w64\bin;C:\Users\Aime\anaconda3\Library\usr\bin;C:\Users\Aime\anaconda3\Library\bin;C:\Users\Aime\anaconda3\Scripts;C:\Users\Aime\anaconda3\bin;C:\Users\Aime\anaconda3\condabin;C:\windows\system32;C:\windows;C:\windows\System32\Wbem;C:\windows\System32\WindowsPowerShell\v1.0;C:\windows\System32\OpenSSH;C:\Program Files (x86)\NVIDIA Corporation\PhysX\Common;C:\Program Files\dotnet;C:\WINDOWS\system32;C:\WINDOWS;C:\WINDOWS\System32\Wbem;C:\WINDOWS\System32\WindowsPowerShell\v1.0;C:\WINDOWS\System32\OpenSSH;C:\msys64\mingw64\bin;C:\Users\Aime\anaconda3\Scripts;C:\Program Files\PuTTY;C:\Program Files\nodejs;C:\Program Files\Git\cmd;C:\Program Files\Eclipse Adoptium\jdk-21.0.5.11-hotspot\bin;C:\Users\Aime\Desktop\apache-maven-3.9.9\bin;C:\Users\Aime\AppData\Local\Microsoft\WindowsApps;C:\Users\Aime\anaconda3\Scripts;C:\Users\Aime\AppData\Roaming\npm;C:\msys64\mingw64\bin;C:\Users\Aime\AppData\Local\Programs\Microsoft VS Code\bin;C:\msys64\ucrt64\bin;C:\Program Files\PostgreSQL\17\bin;C:\Program Files\jdk-21\bin;.
USERNAME=Aime
LANG=en_US.UTF-8
OS=Windows_NT
PROCESSOR_IDENTIFIER=Intel64 Family 6 Model 154 Stepping 4, GenuineIntel
TMP=C:\Users\Aime\AppData\Local\Temp
TEMP=C:\Users\Aime\AppData\Local\Temp




Periodic native trim disabled

---------------  S Y S T E M  ---------------

OS:
 Windows 11 , 64 bit Build 22621 (10.0.22621.4974)
OS uptime: 6 days 5:37 hours
Hyper-V role detected

CPU: total 12 (initial active 12) (6 cores per cpu, 2 threads per core) family 6 model 154 stepping 4 microcode 0x436, cx8, cmov, fxsr, ht, mmx, 3dnowpref, sse, sse2, sse3, ssse3, sse4.1, sse4.2, popcnt, lzcnt, tsc, tscinvbit, avx, avx2, aes, erms, clmul, bmi1, bmi2, adx, sha, fma, vzeroupper, clflush, clflushopt, clwb, hv, serialize, rdtscp, rdpid, fsrm, f16c, cet_ibt, cet_ss
Processor Information for processor 0
  Max Mhz: 1700, Current Mhz: 1700, Mhz Limit: 1700
Processor Information for processor 1
  Max Mhz: 1700, Current Mhz: 1700, Mhz Limit: 1700
Processor Information for processor 2
  Max Mhz: 1700, Current Mhz: 1700, Mhz Limit: 1700
Processor Information for processor 3
  Max Mhz: 1700, Current Mhz: 1700, Mhz Limit: 1700
Processor Information for processor 4
  Max Mhz: 1700, Current Mhz: 1700, Mhz Limit: 1700
Processor Information for processor 5
  Max Mhz: 1700, Current Mhz: 1558, Mhz Limit: 1700
Processor Information for processor 6
  Max Mhz: 1700, Current Mhz: 1700, Mhz Limit: 1700
Processor Information for processor 7
  Max Mhz: 1700, Current Mhz: 1700, Mhz Limit: 1700
Processor Information for processor 8
  Max Mhz: 1700, Current Mhz: 1700, Mhz Limit: 1700
Processor Information for processor 9
  Max Mhz: 1700, Current Mhz: 1700, Mhz Limit: 1700
Processor Information for processor 10
  Max Mhz: 1700, Current Mhz: 1558, Mhz Limit: 1700
Processor Information for processor 11
  Max Mhz: 1700, Current Mhz: 1558, Mhz Limit: 1700

Memory: 4k page, system-wide physical 16016M (666M free)
TotalPageFile size 32016M (AvailPageFile size 148M)
current process WorkingSet (physical memory assigned to process): 11M, peak: 11M
current process commit charge ("private bytes"): 64M, peak: 316M

vm_info: OpenJDK 64-Bit Server VM (21.0.5+11-LTS) for windows-amd64 JRE (21.0.5+11-LTS), built on 2024-10-15T00:00:00Z by "admin" with MS VC++ 17.7 (VS2022)

END.
